{
  "0 debug pnpm:scope": {
    "selected": 1
  },
  "1 info pnpm": {
    "err": {
      "name": "Error",
      "message": "not found: ci",
      "code": "ENOENT",
      "stack": "Error: not found: ci\n    at getNotFoundError (/home/b3457/.nvm/versions/node/v14.19.0/lib/node_modules/pnpm/dist/pnpm.cjs:41440:51)\n    at Function.whichSync [as sync] (/home/b3457/.nvm/versions/node/v14.19.0/lib/node_modules/pnpm/dist/pnpm.cjs:41517:13)\n    at getCommandAbsolutePathSync (/home/b3457/.nvm/versions/node/v14.19.0/lib/node_modules/pnpm/dist/pnpm.cjs:43082:44)\n    at default_1 (/home/b3457/.nvm/versions/node/v14.19.0/lib/node_modules/pnpm/dist/pnpm.cjs:43091:32)\n    at /home/b3457/.nvm/versions/node/v14.19.0/lib/node_modules/pnpm/dist/pnpm.cjs:179656:39"
    }
  },
  "2 error pnpm": {
    "code": "ERR_PNPM_RECURSIVE_EXEC_FIRST_FAIL",
    "prefix": "/home/b3457/p",
    "err": {
      "name": "pnpm",
      "message": "not found: ci",
      "code": "ERR_PNPM_RECURSIVE_EXEC_FIRST_FAIL",
      "stack": "Error: not found: ci\n    at getNotFoundError (/home/b3457/.nvm/versions/node/v14.19.0/lib/node_modules/pnpm/dist/pnpm.cjs:41440:51)\n    at Function.whichSync [as sync] (/home/b3457/.nvm/versions/node/v14.19.0/lib/node_modules/pnpm/dist/pnpm.cjs:41517:13)\n    at getCommandAbsolutePathSync (/home/b3457/.nvm/versions/node/v14.19.0/lib/node_modules/pnpm/dist/pnpm.cjs:43082:44)\n    at default_1 (/home/b3457/.nvm/versions/node/v14.19.0/lib/node_modules/pnpm/dist/pnpm.cjs:43091:32)\n    at /home/b3457/.nvm/versions/node/v14.19.0/lib/node_modules/pnpm/dist/pnpm.cjs:179656:39"
    }
  }
}